<?xml version="1.0" encoding="UTF-8"?>
<!-- Generated by org.testng.reporters.JUnitXMLReporter -->
<testsuite ignored="0" hostname="Afsanas-MacBook-Pro.local" failures="0" tests="0" name="Surefire test" time="0.163" errors="0" timestamp="2021-03-31T23:30:36 EDT">
  <testcase classname="io.cucumber.testng.AbstractTestNGCucumberTests" name="@BeforeClass setUpClass" time="0.143">
    <failure type="java.lang.IllegalArgumentException" message="path must exist: /Users/afsanakeya/Desktop/taltek_grp/src/test/java/SignUp.features">
      <![CDATA[java.lang.IllegalArgumentException: path must exist: /Users/afsanakeya/Desktop/taltek_grp/src/test/java/SignUp.features
at io.cucumber.core.resource.PathScanner.findResourcesForPath(PathScanner.java:44)
at io.cucumber.core.resource.PathScanner.findResourcesForUri(PathScanner.java:28)
at io.cucumber.core.resource.ResourceScanner.findResourcesForUri(ResourceScanner.java:61)
at io.cucumber.core.resource.ResourceScanner.scanForResourcesUri(ResourceScanner.java:134)
at io.cucumber.core.runtime.FeaturePathFeatureSupplier.loadFeatures(FeaturePathFeatureSupplier.java:62)
at io.cucumber.core.runtime.FeaturePathFeatureSupplier.get(FeaturePathFeatureSupplier.java:45)
at io.cucumber.testng.TestNGCucumberRunner.<init>(TestNGCucumberRunner.java:106)
at io.cucumber.testng.AbstractTestNGCucumberTests.setUpClass(AbstractTestNGCucumberTests.java:23)
at java.base/java.util.concurrent.ThreadPoolExecutor.runWorker(ThreadPoolExecutor.java:1130)
at java.base/java.util.concurrent.ThreadPoolExecutor$Worker.run(ThreadPoolExecutor.java:630)
at java.base/java.lang.Thread.run(Thread.java:832)
... Removed 10 stack frames]]>
    </failure>
  </testcase> <!-- @BeforeClass setUpClass -->
</testsuite> <!-- Surefire test -->
