<?xml version="1.0" encoding="UTF-8"?>
<testng-results ignored="0" total="1" passed="1" failed="0" skipped="0">
  <reporter-output>
  </reporter-output>
  <suite started-at="2021-04-01T20:20:44 EDT" name="Surefire suite" finished-at="2021-04-01T20:20:57 EDT" duration-ms="12609">
    <groups>
      <group name="cucumber">
        <method signature="AbstractTestNGCucumberTests.runScenario(io.cucumber.testng.PickleWrapper, io.cucumber.testng.FeatureWrapper)[pri:0, instance:TestRunner@f4168b8]" name="runScenario" class="io.cucumber.testng.AbstractTestNGCucumberTests"/>
      </group> <!-- cucumber -->
    </groups>
    <test started-at="2021-04-01T20:20:44 EDT" name="Surefire test" finished-at="2021-04-01T20:20:57 EDT" duration-ms="12609">
      <class name="TestRunner">
        <test-method is-config="true" signature="setUpClass()[pri:0, instance:TestRunner@f4168b8]" started-at="2021-04-01T20:20:44 EDT" name="setUpClass" finished-at="2021-04-01T20:20:45 EDT" duration-ms="450" status="PASS">
          <reporter-output>
          </reporter-output>
        </test-method> <!-- setUpClass -->
        <test-method signature="runScenario(io.cucumber.testng.PickleWrapper, io.cucumber.testng.FeatureWrapper)[pri:0, instance:TestRunner@f4168b8]" started-at="2021-04-01T20:20:45 EDT" name="runScenario" description="Runs Cucumber Scenarios" data-provider="scenarios" finished-at="2021-04-01T20:20:57 EDT" duration-ms="12073" status="PASS">
          <params>
            <param index="0">
              <value>
                <![CDATA["Sign Up"]]>
              </value>
            </param>
            <param index="1">
              <value>
                <![CDATA["Optional[SignUp]"]]>
              </value>
            </param>
          </params>
          <reporter-output>
          </reporter-output>
        </test-method> <!-- runScenario -->
        <test-method is-config="true" signature="tearDownClass()[pri:0, instance:TestRunner@f4168b8]" started-at="2021-04-01T20:20:57 EDT" name="tearDownClass" finished-at="2021-04-01T20:20:57 EDT" duration-ms="61" status="PASS">
          <reporter-output>
          </reporter-output>
        </test-method> <!-- tearDownClass -->
      </class> <!-- TestRunner -->
    </test> <!-- Surefire test -->
  </suite> <!-- Surefire suite -->
</testng-results>
